0 info it worked if it ends with ok
1 verbose cli [ '/home/virtuser/nodejs/node-v4.4.3-linux-x64/bin/node',
1 verbose cli   '/home/virtuser/nodejs/node-v4.4.3-linux-x64/bin/npm',
1 verbose cli   'start' ]
2 info using npm@4.0.3
3 info using node@v4.4.3
4 verbose run-script [ 'prestart', 'start', 'poststart' ]
5 info lifecycle socketio-demo@0.0.0~prestart: socketio-demo@0.0.0
6 silly lifecycle socketio-demo@0.0.0~prestart: no script for prestart, continuing
7 info lifecycle socketio-demo@0.0.0~start: socketio-demo@0.0.0
8 verbose lifecycle socketio-demo@0.0.0~start: unsafe-perm in lifecycle true
9 verbose lifecycle socketio-demo@0.0.0~start: PATH: /home/virtuser/nodejs/node-v4.4.3-linux-x64/lib/node_modules/npm/bin/node-gyp-bin:/home/virtuser/ocp3/apac_skodemo/dashboard/limiter/node_modules/.bin:/home/virtuser/mongodb/mongodb-linux-x86_64-rhel70-3.2.6/bin:/home/virtuser/nodejs/node-v4.4.3-linux-x64/bin:/home/virtuser/apache-maven-3.3.3/bin:/home/virtuser/ocp3:/usr/local/bin:/usr/bin:/usr/local/sbin:/usr/sbin:/home/virtuser/.local/bin:/home/virtuser/bin
10 verbose lifecycle socketio-demo@0.0.0~start: CWD: /home/virtuser/ocp3/apac_skodemo/dashboard/limiter
11 silly lifecycle socketio-demo@0.0.0~start: Args: [ '-c', 'node ./bin/www' ]
12 silly lifecycle socketio-demo@0.0.0~start: Returned: code: 1  signal: null
13 info lifecycle socketio-demo@0.0.0~start: Failed to exec start script
14 verbose stack Error: socketio-demo@0.0.0 start: `node ./bin/www`
14 verbose stack Exit status 1
14 verbose stack     at EventEmitter.<anonymous> (/home/virtuser/nodejs/node-v4.4.3-linux-x64/lib/node_modules/npm/lib/utils/lifecycle.js:279:16)
14 verbose stack     at emitTwo (events.js:87:13)
14 verbose stack     at EventEmitter.emit (events.js:172:7)
14 verbose stack     at ChildProcess.<anonymous> (/home/virtuser/nodejs/node-v4.4.3-linux-x64/lib/node_modules/npm/lib/utils/spawn.js:40:14)
14 verbose stack     at emitTwo (events.js:87:13)
14 verbose stack     at ChildProcess.emit (events.js:172:7)
14 verbose stack     at maybeClose (internal/child_process.js:827:16)
14 verbose stack     at Process.ChildProcess._handle.onexit (internal/child_process.js:211:5)
15 verbose pkgid socketio-demo@0.0.0
16 verbose cwd /home/virtuser/ocp3/apac_skodemo/dashboard/limiter
17 error Linux 3.10.0-324.el7.x86_64
18 error argv "/home/virtuser/nodejs/node-v4.4.3-linux-x64/bin/node" "/home/virtuser/nodejs/node-v4.4.3-linux-x64/bin/npm" "start"
19 error node v4.4.3
20 error npm  v4.0.3
21 error code ELIFECYCLE
22 error socketio-demo@0.0.0 start: `node ./bin/www`
22 error Exit status 1
23 error Failed at the socketio-demo@0.0.0 start script 'node ./bin/www'.
23 error Make sure you have the latest version of node.js and npm installed.
23 error If you do, this is most likely a problem with the socketio-demo package,
23 error not with npm itself.
23 error Tell the author that this fails on your system:
23 error     node ./bin/www
23 error You can get information on how to open an issue for this project with:
23 error     npm bugs socketio-demo
23 error Or if that isn't available, you can get their info via:
23 error     npm owner ls socketio-demo
23 error There is likely additional logging output above.
24 verbose exit [ 1, true ]
